Calling MacOS bootstrapping
Homebrew is already installed.
Installing homebrew packages...
Using homebrew/bundle
Using arp-scan
Using cmake
Using cpanminus
Using cpputest
Using fzf
Using gh
Using git-lfs
Using neovim
Using ninja
Using p7zip
Using pam-reattach
Using pkg-config
Using python@3.12
Using poetry
Using quartz-wm
Using ranger
Using ripgrep
Using stow
Using tmux
Using trash
Using tree
Using universal-ctags
Using vim
Using virtualenv
Using xquartz
Homebrew Bundle complete! 26 Brewfile dependencies now installed.
Deploying dotfiles
Installing vim packages


Bootstrapping complete!

--> Restart terminal for all changes to take effect.


